<?xml version="1.0" encoding="UTF-8"?>
<!-- Generated by org.testng.reporters.JUnitXMLReporter -->
<testsuite hostname="DNID0694L01" ignored="0" name="QuotaAppTest" tests="17" failures="0" timestamp="21 May 2020 11:32:17 GMT" time="10.792" errors="0">
  <testcase name="testEditUser" time="0.05" classname="com.g2academy.testcases.profile.TC_EditUser"/>
  <testcase name="testEditUser" time="0.033" classname="com.g2academy.testcases.profile.TC_EditUser"/>
  <testcase name="testEditUser" time="0.035" classname="com.g2academy.testcases.profile.TC_EditUser"/>
  <testcase name="testEditUser" time="0.039" classname="com.g2academy.testcases.profile.TC_EditUser"/>
  <testcase name="testEditUser" time="0.026" classname="com.g2academy.testcases.profile.TC_EditUser"/>
  <testcase name="testEditUser" time="0.03" classname="com.g2academy.testcases.profile.TC_EditUser"/>
  <testcase name="testEditUser" time="0.028" classname="com.g2academy.testcases.profile.TC_EditUser"/>
  <testcase name="testEditUser" time="0.033" classname="com.g2academy.testcases.profile.TC_EditUser"/>
  <testcase name="testEditUser" time="0.029" classname="com.g2academy.testcases.profile.TC_EditUser"/>
  <testcase name="testEditUser" time="0.028" classname="com.g2academy.testcases.profile.TC_EditUser"/>
  <testcase name="testEditUser" time="0.033" classname="com.g2academy.testcases.profile.TC_EditUser"/>
  <testcase name="testEditUser" time="0.025" classname="com.g2academy.testcases.profile.TC_EditUser"/>
  <testcase name="testEditUser" time="0.021" classname="com.g2academy.testcases.profile.TC_EditUser"/>
  <testcase name="testEditUser" time="0.024" classname="com.g2academy.testcases.profile.TC_EditUser"/>
  <testcase name="testEditUser" time="0.026" classname="com.g2academy.testcases.profile.TC_EditUser"/>
  <testcase name="testEditUser" time="0.025" classname="com.g2academy.testcases.profile.TC_EditUser"/>
  <testcase name="testEditUser" time="0.03" classname="com.g2academy.testcases.profile.TC_EditUser"/>
</testsuite> <!-- QuotaAppTest -->
